'SpectralDimension.completeGraph_spectralDimension_two' depends on axioms: [propext, Classical.choice, Quot.sound]
'SpectralDimension.spectralDimension_quantitative' depends on axioms: [propext, Classical.choice, Quot.sound]
'Verified.count_sqdev_mul_le' depends on axioms: [propext, Classical.choice, Quot.sound]
'Verified.chebyshev_count' depends on axioms: [propext, Classical.choice, Quot.sound]
'Verified.Separation.exists_not_spectrallyFaithful' depends on axioms: [propext, Classical.choice, Quot.sound]
'Verified.UniversalValue.universal_value' depends on axioms: [propext, Classical.choice, Quot.sound]
'Verified.Monogamy.monogamy_thin_threads' depends on axioms: [propext, Classical.choice, Quot.sound]
'Verified.RelaxationTime.cluster_relaxation_formula' depends on axioms: [propext, Classical.choice, Quot.sound]
'Verified.RelaxationTime.cluster_spectralDimension_relaxation_two' depends on axioms: [propext,
 Classical.choice,
 Quot.sound]
'Verified.RelaxationTime.cluster_fixedclock_formula' depends on axioms: [propext, Classical.choice, Quot.sound]
'Verified.RelaxationTime.cluster_spectralDimension_fixed_two_a' depends on axioms: [propext,
 Classical.choice,
 Quot.sound]
'Verified.RelaxationTime.twoCluster_relaxation_formula' depends on axioms: [propext, Classical.choice, Quot.sound]
'Verified.RelaxationTime.bandRelaxationLimit_offset' depends on axioms: [propext, Classical.choice, Quot.sound]
'Verified.RelaxationTime.bandRelaxationLimit_eq_two_iff' depends on axioms: [propext, Classical.choice, Quot.sound]
'Verified.RelaxationTime.twoCluster_relaxation_band_limit' depends on axioms: [propext, Classical.choice, Quot.sound]
'Stability.exp_neg_mul_lipschitz' depends on axioms: [propext, Classical.choice, Quot.sound]
'Stability.heatTrace_perturbation_bound' depends on axioms: [propext, Classical.choice, Quot.sound]
'Stability.heatTraceDerivative_perturbation_bound' depends on axioms: [propext, Classical.choice, Quot.sound]
'Stability.spectralDimension_stability' depends on axioms: [propext, Classical.choice, Quot.sound]
'Verified.Transfer.heatTrace_faithful_squeeze' depends on axioms: [propext, Classical.choice, Quot.sound]
'Verified.Transfer.exponent_transfer' depends on axioms: [propext, Classical.choice, Quot.sound]
'Verified.PowerLaw.heatTrace_powerLaw' depends on axioms: [propext, Classical.choice, Quot.sound]
'Verified.PowerLaw.running_dimension_of_closedForm' depends on axioms: [propext, Classical.choice, Quot.sound]
'Verified.PowerLaw.powerLaw_spectralDimension' depends on axioms: [propext, Classical.choice, Quot.sound]
'Verified.BetaMoments.integral_u_mul_one_sub_pow' depends on axioms: [propext, Classical.choice, Quot.sound]
'Verified.BetaMoments.beta_first_moment' depends on axioms: [propext, Classical.choice, Quot.sound]
'Verified.BetaMoments.integral_u_sq_mul_one_sub_pow' depends on axioms: [propext, Classical.choice, Quot.sound]
'Verified.BetaMoments.beta_second_moment' depends on axioms: [propext, Classical.choice, Quot.sound]
'Verified.BetaMoments.beta_tail' depends on axioms: [propext, Classical.choice, Quot.sound]
'Verified.mean_mem_Icc' depends on axioms: [propext, Classical.choice, Quot.sound]
'Verified.variance_le_sq_of_mem_Icc' depends on axioms: [propext, Classical.choice, Quot.sound]
'Verified.cv_sq_le_of_mem_Icc' depends on axioms: [propext, Classical.choice, Quot.sound]
'Verified.edges_retained_of_mem_Icc' depends on axioms: [propext, Classical.choice, Quot.sound]
'Verified.EmpiricalCollapse.bad_event_le' depends on axioms: [propext, Classical.choice, Quot.sound]
'Verified.EmpiricalCollapse.empirical_collapse' depends on axioms: [propext, Classical.choice, Quot.sound]
'Verified.EmpiricalCollapse.complete_graph_whp' depends on axioms: [propext, Classical.choice, Quot.sound]
